
<!-- 
 * junit.xml
 *
 * Copyright (C) 2017 Universidad de Sevilla
 * 
 * The use of this project is hereby constrained to the conditions of the 
 * TDG Licence, a copy of which you may download from 
 * http://www.tdg-seville.info/License.html
 -->

<beans xmlns="http://www.springframework.org/schema/beans"
	xmlns:xsi="http://www.w3.org/2001/XMLSchema-instance"	
	xmlns:tx="http://www.springframework.org/schema/tx"
	xmlns:mvc="http://www.springframework.org/schema/mvc"
	xsi:schemaLocation="
		http://www.springframework.org/schema/beans http://www.springframework.org/schema/beans/spring-beans-4.0.xsd
	    http://www.springframework.org/schema/tx http://www.springframework.org/schema/tx/spring-tx-4.0.xsd
	    http://www.springframework.org/schema/mvc http://www.springframework.org/schema/mvc/spring-mvc-4.0.xsd
	">

	<import resource="config/i18n-l10n.xml" />

	<bean id="messageSource"
		  class="org.springframework.context.support.ReloadableResourceBundleMessageSource">
		<property name="basenames" ref="messages" />
		<property name="defaultEncoding" value="ISO-8859-1" />
		<property name="fallbackToSystemLocale" value="false" />
	</bean>

	<bean id="validator"
		  class="org.springframework.validation.beanvalidation.LocalValidatorFactoryBean">
		<property name="validationMessageSource" ref="messageSource" />
	</bean>

	<mvc:annotation-driven validator="validator" />

	<import resource="datasource.xml" />
	<import resource="config/packages.xml" />
	
</beans>